multipicker/build/intermediates/manifest_merge_blame_file/debug/manifest-merger-blame-debug-report.txt
1<?xml version="1.0" encoding="utf-8"?>
2<manifest xmlns:android="http://schemas.android.com/apk/res/android"
3    package="com.kbeanie.multipicker"
4    android:versionCode="1"
5    android:versionName="1.0" >
6
7    <uses-sdk
8        android:minSdkVersion="16"
8-->src\main\AndroidManifest.xml
9        android:targetSdkVersion="27" />
9-->src\main\AndroidManifest.xml
10
11    <application>
11-->src\main\AndroidManifest.xml:3:5-13:19
12        <provider
12-->src\main\AndroidManifest.xml:4:9-12:20
13            android:name="com.kbeanie.multipicker.utils.AMPFileProvider"
13-->src\main\AndroidManifest.xml:5:13-50
14            android:authorities="dollar_openBracket_applicationId_closeBracket.multipicker.fileprovider"
14-->src\main\AndroidManifest.xml:6:13-76
15            android:exported="false"
15-->src\main\AndroidManifest.xml:7:13-37
16            android:grantUriPermissions="true" >
16-->src\main\AndroidManifest.xml:8:13-47
17            <meta-data
17-->src\main\AndroidManifest.xml:9:13-11:49
18                android:name="android.support.FILE_PROVIDER_PATHS"
18-->src\main\AndroidManifest.xml:10:17-67
19                android:resource="@xml/paths" />
19-->src\main\AndroidManifest.xml:11:17-46
20        </provider>
21    </application>
22
23</manifest>